<?xml version="1.0" encoding="UTF-8"?>
<!-- Generated by org.testng.reporters.JUnitXMLReporter -->
<testsuite hostname="human-PC" name="ChromeTest" tests="2" failures="2" timestamp="29 Aug 2016 15:35:53 GMT" time="30.281" errors="0">
  <testcase name="testSogouSearch1" time="20.058" classname="com.testseleniumbytestngparameter.TestSeleniumGridByTestNGParameter">
    <failure type="java.lang.AssertionError" message="expected [true] but found [false]">
      <![CDATA[java.lang.AssertionError: expected [true] but found [false]
	at com.testseleniumbytestngparameter.TestSeleniumGridByTestNGParameter.testSogouSearch1(TestSeleniumGridByTestNGParameter.java:44)
	at java.util.concurrent.FutureTask.run(FutureTask.java:262)
	at java.util.concurrent.ThreadPoolExecutor.runWorker(ThreadPoolExecutor.java:1145)
	at java.util.concurrent.ThreadPoolExecutor$Worker.run(ThreadPoolExecutor.java:615)
	at java.lang.Thread.run(Thread.java:744)
... Removed 20 stack frames]]>
    </failure>
  </testcase> <!-- testSogouSearch1 -->
  <testcase name="testSogouSearch2" time="3.831" classname="com.testseleniumbytestngparameter.TestSeleniumGridByTestNGParameter">
    <failure type="java.lang.AssertionError" message="expected [true] but found [false]">
      <![CDATA[java.lang.AssertionError: expected [true] but found [false]
	at com.testseleniumbytestngparameter.TestSeleniumGridByTestNGParameter.testSogouSearch2(TestSeleniumGridByTestNGParameter.java:57)
	at java.util.concurrent.FutureTask.run(FutureTask.java:262)
	at java.util.concurrent.ThreadPoolExecutor.runWorker(ThreadPoolExecutor.java:1145)
	at java.util.concurrent.ThreadPoolExecutor$Worker.run(ThreadPoolExecutor.java:615)
	at java.lang.Thread.run(Thread.java:744)
... Removed 20 stack frames]]>
    </failure>
  </testcase> <!-- testSogouSearch2 -->
</testsuite> <!-- ChromeTest -->
